Base path: 'D:/Unity/2019.4.40f1c1/Unity 2019.4.40f1c1/Editor/Data', plugins path 'D:/Unity/2019.4.40f1c1/Unity 2019.4.40f1c1/Editor/Data/PlaybackEngines'
Cmd: initializeCompiler
Cmd: compileSnippet
  api=4 type=0 insize=1302 outsize=1446 kw=UNITY_PASS_SHADOWCASTER SHADOWS_DEPTH pd=UNITY_ENABLE_REFLECTION_BUFFERS UNITY_USE_DITHER_MASK_FOR_ALPHABLENDED_SHADOWS UNITY_PBS_USE_BRDF1 UNITY_SPECCUBE_BOX_PROJECTION UNITY_SPECCUBE_BLENDING UNITY_ENABLE_DETAIL_NORMALMAP SHADER_API_DESKTOP UNITY_COLORSPACE_GAMMA UNITY_LIGHT_PROBE_PROXY_VOLUME UNITY_LIGHTMAP_FULL_HDR ok=1
Cmd: compileSnippet
  api=4 type=1 insize=1302 outsize=250 kw=UNITY_PASS_SHADOWCASTER SHADOWS_DEPTH pd=UNITY_ENABLE_REFLECTION_BUFFERS UNITY_USE_DITHER_MASK_FOR_ALPHABLENDED_SHADOWS UNITY_PBS_USE_BRDF1 UNITY_SPECCUBE_BOX_PROJECTION UNITY_SPECCUBE_BLENDING UNITY_ENABLE_DETAIL_NORMALMAP SHADER_API_DESKTOP UNITY_COLORSPACE_GAMMA UNITY_LIGHT_PROBE_PROXY_VOLUME UNITY_LIGHTMAP_FULL_HDR ok=1
Cmd: compileSnippet
  api=4 type=0 insize=1602 outsize=1926 kw=UNITY_PASS_FORWARDBASE DIRECTIONAL LIGHTPROBE_SH pd=UNITY_ENABLE_REFLECTION_BUFFERS UNITY_USE_DITHER_MASK_FOR_ALPHABLENDED_SHADOWS UNITY_PBS_USE_BRDF1 UNITY_SPECCUBE_BOX_PROJECTION UNITY_SPECCUBE_BLENDING UNITY_ENABLE_DETAIL_NORMALMAP SHADER_API_DESKTOP UNITY_COLORSPACE_GAMMA UNITY_LIGHT_PROBE_PROXY_VOLUME UNITY_LIGHTMAP_FULL_HDR ok=1
Cmd: compileSnippet
  api=4 type=1 insize=1602 outsize=6846 kw=UNITY_PASS_FORWARDBASE DIRECTIONAL LIGHTPROBE_SH pd=UNITY_ENABLE_REFLECTION_BUFFERS UNITY_USE_DITHER_MASK_FOR_ALPHABLENDED_SHADOWS UNITY_PBS_USE_BRDF1 UNITY_SPECCUBE_BOX_PROJECTION UNITY_SPECCUBE_BLENDING UNITY_ENABLE_DETAIL_NORMALMAP SHADER_API_DESKTOP UNITY_COLORSPACE_GAMMA UNITY_LIGHT_PROBE_PROXY_VOLUME UNITY_LIGHTMAP_FULL_HDR ok=1
Cmd: compileSnippet
  api=4 type=0 insize=1460 outsize=1722 kw=UNITY_PASS_FORWARDADD DIRECTIONAL pd=UNITY_ENABLE_REFLECTION_BUFFERS UNITY_USE_DITHER_MASK_FOR_ALPHABLENDED_SHADOWS UNITY_PBS_USE_BRDF1 UNITY_SPECCUBE_BOX_PROJECTION UNITY_SPECCUBE_BLENDING UNITY_ENABLE_DETAIL_NORMALMAP SHADER_API_DESKTOP UNITY_COLORSPACE_GAMMA UNITY_LIGHT_PROBE_PROXY_VOLUME UNITY_LIGHTMAP_FULL_HDR ok=1
Cmd: compileSnippet
  api=4 type=1 insize=1460 outsize=3410 kw=UNITY_PASS_FORWARDADD DIRECTIONAL pd=UNITY_ENABLE_REFLECTION_BUFFERS UNITY_USE_DITHER_MASK_FOR_ALPHABLENDED_SHADOWS UNITY_PBS_USE_BRDF1 UNITY_SPECCUBE_BOX_PROJECTION UNITY_SPECCUBE_BLENDING UNITY_ENABLE_DETAIL_NORMALMAP SHADER_API_DESKTOP UNITY_COLORSPACE_GAMMA UNITY_LIGHT_PROBE_PROXY_VOLUME UNITY_LIGHTMAP_FULL_HDR ok=1
Cmd: preprocess
  insize=1710 outsize=1236 ok=1
Cmd: compileSnippet
  api=4 type=0 insize=944 outsize=1446 kw=UNITY_PASS_SHADOWCASTER SHADOWS_DEPTH pd=UNITY_ENABLE_REFLECTION_BUFFERS UNITY_USE_DITHER_MASK_FOR_ALPHABLENDED_SHADOWS UNITY_PBS_USE_BRDF1 UNITY_SPECCUBE_BOX_PROJECTION UNITY_SPECCUBE_BLENDING UNITY_ENABLE_DETAIL_NORMALMAP SHADER_API_DESKTOP UNITY_COLORSPACE_GAMMA UNITY_LIGHT_PROBE_PROXY_VOLUME UNITY_LIGHTMAP_FULL_HDR ok=1
Cmd: compileSnippet
  api=4 type=1 insize=944 outsize=250 kw=UNITY_PASS_SHADOWCASTER SHADOWS_DEPTH pd=UNITY_ENABLE_REFLECTION_BUFFERS UNITY_USE_DITHER_MASK_FOR_ALPHABLENDED_SHADOWS UNITY_PBS_USE_BRDF1 UNITY_SPECCUBE_BOX_PROJECTION UNITY_SPECCUBE_BLENDING UNITY_ENABLE_DETAIL_NORMALMAP SHADER_API_DESKTOP UNITY_COLORSPACE_GAMMA UNITY_LIGHT_PROBE_PROXY_VOLUME UNITY_LIGHTMAP_FULL_HDR ok=1
Cmd: compileSnippet
  api=4 type=0 insize=20042 outsize=1622 kw=UNITY_PASS_FORWARDBASE DIRECTIONAL LIGHTPROBE_SH pd=UNITY_ENABLE_REFLECTION_BUFFERS UNITY_USE_DITHER_MASK_FOR_ALPHABLENDED_SHADOWS UNITY_PBS_USE_BRDF1 UNITY_SPECCUBE_BOX_PROJECTION UNITY_SPECCUBE_BLENDING UNITY_ENABLE_DETAIL_NORMALMAP SHADER_API_DESKTOP UNITY_COLORSPACE_GAMMA UNITY_LIGHT_PROBE_PROXY_VOLUME UNITY_LIGHTMAP_FULL_HDR ok=1
Cmd: compileSnippet
  api=4 type=1 insize=20042 outsize=6410 kw=UNITY_PASS_FORWARDBASE DIRECTIONAL LIGHTPROBE_SH pd=UNITY_ENABLE_REFLECTION_BUFFERS UNITY_USE_DITHER_MASK_FOR_ALPHABLENDED_SHADOWS UNITY_PBS_USE_BRDF1 UNITY_SPECCUBE_BOX_PROJECTION UNITY_SPECCUBE_BLENDING UNITY_ENABLE_DETAIL_NORMALMAP SHADER_API_DESKTOP UNITY_COLORSPACE_GAMMA UNITY_LIGHT_PROBE_PROXY_VOLUME UNITY_LIGHTMAP_FULL_HDR ok=1
Cmd: compileSnippet
  api=4 type=0 insize=5586 outsize=1250 kw=UNITY_PASS_FORWARDADD DIRECTIONAL pd=UNITY_ENABLE_REFLECTION_BUFFERS UNITY_USE_DITHER_MASK_FOR_ALPHABLENDED_SHADOWS UNITY_PBS_USE_BRDF1 UNITY_SPECCUBE_BOX_PROJECTION UNITY_SPECCUBE_BLENDING UNITY_ENABLE_DETAIL_NORMALMAP SHADER_API_DESKTOP UNITY_COLORSPACE_GAMMA UNITY_LIGHT_PROBE_PROXY_VOLUME UNITY_LIGHTMAP_FULL_HDR ok=1
Cmd: compileSnippet
  api=4 type=1 insize=5586 outsize=3270 kw=UNITY_PASS_FORWARDADD DIRECTIONAL pd=UNITY_ENABLE_REFLECTION_BUFFERS UNITY_USE_DITHER_MASK_FOR_ALPHABLENDED_SHADOWS UNITY_PBS_USE_BRDF1 UNITY_SPECCUBE_BOX_PROJECTION UNITY_SPECCUBE_BLENDING UNITY_ENABLE_DETAIL_NORMALMAP SHADER_API_DESKTOP UNITY_COLORSPACE_GAMMA UNITY_LIGHT_PROBE_PROXY_VOLUME UNITY_LIGHTMAP_FULL_HDR ok=1
Cmd: preprocess
  insize=1710 outsize=1236 ok=1
Cmd: preprocess
  insize=1710 outsize=1236 ok=1
Cmd: preprocess
  insize=118 outsize=115 ok=1
Cmd: preprocess
  insize=120 outsize=117 ok=1
Cmd: preprocess
  insize=121 outsize=118 ok=1
Cmd: preprocess
  insize=120 outsize=117 ok=1
Cmd: preprocess
  insize=118 outsize=115 ok=1
Cmd: preprocess
  insize=118 outsize=115 ok=1
Cmd: preprocess
  insize=156 outsize=153 ok=1
Cmd: preprocess
  insize=156 outsize=153 ok=1
Cmd: preprocess
  insize=204 outsize=201 ok=1
Cmd: preprocess
  insize=200 outsize=197 ok=1
Cmd: preprocess
  insize=201 outsize=198 ok=1
Cmd: preprocess
  insize=200 outsize=197 ok=1
Cmd: preprocess
  insize=296 outsize=293 ok=1
Cmd: preprocess
  insize=354 outsize=351 ok=1
Cmd: preprocess
  insize=354 outsize=351 ok=1
Cmd: preprocess
  insize=366 outsize=363 ok=1
Cmd: preprocess
  insize=391 outsize=388 ok=1
Cmd: preprocess
  insize=483 outsize=480 ok=1
Cmd: preprocess
  insize=571 outsize=568 ok=1
Cmd: preprocess
  insize=604 outsize=601 ok=1
Cmd: preprocess
  insize=825 outsize=822 ok=1
Cmd: preprocess
  insize=828 outsize=825 ok=1
Cmd: preprocess
  insize=830 outsize=827 ok=1
Cmd: preprocess
  insize=829 outsize=826 ok=1
Cmd: preprocess
  insize=827 outsize=824 ok=1
Cmd: preprocess
  insize=833 outsize=830 ok=1
Cmd: preprocess
  insize=950 outsize=947 ok=1
Cmd: preprocess
  insize=980 outsize=977 ok=1
Cmd: preprocess
  insize=1698 outsize=1224 ok=1
Cmd: preprocess
  insize=1073 outsize=1070 ok=1
Cmd: preprocess
  insize=1085 outsize=1082 ok=1
Cmd: preprocess
  insize=1116 outsize=1113 ok=1
Cmd: preprocess
  insize=1201 outsize=1198 ok=1
Cmd: preprocess
  insize=1198 outsize=1195 ok=1
Cmd: preprocess
  insize=1199 outsize=1196 ok=1
Cmd: preprocess
  insize=1199 outsize=1196 ok=1
Cmd: preprocess
  insize=1352 outsize=1349 ok=1
Cmd: preprocess
  insize=1460 outsize=1457 ok=1
Cmd: preprocess
  insize=1458 outsize=1455 ok=1
Cmd: preprocess
  insize=1460 outsize=1457 ok=1
Cmd: preprocess
  insize=1516 outsize=1513 ok=1
Cmd: preprocess
  insize=2057 outsize=2054 ok=1
Cmd: preprocess
  insize=2066 outsize=2063 ok=1
Cmd: preprocess
  insize=2058 outsize=2055 ok=1
Cmd: preprocess
  insize=1716 outsize=1713 ok=1
Cmd: preprocess
  insize=1768 outsize=1765 ok=1
Cmd: preprocess
  insize=1851 outsize=1848 ok=1
Cmd: preprocess
  insize=1901 outsize=1898 ok=1
Cmd: preprocess
  insize=1896 outsize=1893 ok=1
Cmd: preprocess
  insize=1969 outsize=1966 ok=1
Cmd: preprocess
  insize=2022 outsize=2019 ok=1
Cmd: preprocess
  insize=2059 outsize=2056 ok=1
Cmd: preprocess
  insize=2130 outsize=2127 ok=1
Cmd: preprocess
  insize=2220 outsize=2217 ok=1
Cmd: preprocess
  insize=2220 outsize=2217 ok=1
Cmd: preprocess
  insize=2346 outsize=2343 ok=1
Cmd: preprocess
  insize=2341 outsize=2338 ok=1
Cmd: preprocess
  insize=2344 outsize=2341 ok=1
Cmd: preprocess
  insize=2344 outsize=2341 ok=1
Cmd: preprocess
  insize=2348 outsize=2345 ok=1
